2021-01-18 02:50:34:756 [Appium] Welcome to Appium v1.19.1
2021-01-18 02:50:34:758 [Appium] Non-default server args:
2021-01-18 02:50:34:759 [Appium]   logFile: /Users/yangrao/IdeaProjects/auto-robot/logs/20210118105033-127.0.0.1:62001.log
2021-01-18 02:50:34:795 [Appium] Appium REST http interface listener started on 0.0.0.0:4723
2021-01-18 02:50:35:257 [HTTP] Request idempotency key: bcb207e5-65d7-4b8f-9af7-617a1715e3e2
2021-01-18 02:50:35:277 [HTTP] --> POST /wd/hub/session
2021-01-18 02:50:35:277 [HTTP] {"desiredCapabilities":{"appActivity":"com.tencent.mm.ui.LauncherUI","appPackage":"com.tencent.mm","noReset":true,"platformName":"Android","deviceName":"test"},"capabilities":{"firstMatch":[{"appium:appActivity":"com.tencent.mm.ui.LauncherUI","appium:appPackage":"com.tencent.mm","appium:deviceName":"test","appium:noReset":true,"platformName":"android"}]}}
2021-01-18 02:50:35:280 [W3C] Calling AppiumDriver.createSession() with args: [{"appActivity":"com.tencent.mm.ui.LauncherUI","appPackage":"com.tencent.mm","noReset":true,"platformName":"Android","deviceName":"test"},null,{"firstMatch":[{"appium:appActivity":"com.tencent.mm.ui.LauncherUI","appium:appPackage":"com.tencent.mm","appium:deviceName":"test","appium:noReset":true,"platformName":"android"}]}]
2021-01-18 02:50:35:281 [BaseDriver] Event 'newSessionRequested' logged at 1610938235280 (10:50:35 GMT+0800 (China Standard Time))
2021-01-18 02:50:35:289 [Appium] 
2021-01-18 02:50:35:289 [Appium] ======================================================================
2021-01-18 02:50:35:289 [Appium]   DEPRECATION WARNING:
2021-01-18 02:50:35:289 [Appium] 
2021-01-18 02:50:35:289 [Appium]   The 'automationName' capability was not provided in the desired 
2021-01-18 02:50:35:290 [Appium]   capabilities for this Android session
2021-01-18 02:50:35:290 [Appium] 
2021-01-18 02:50:35:290 [Appium]   Setting 'automationName=UiAutomator2' by default and using the 
2021-01-18 02:50:35:290 [Appium]   UiAutomator2 Driver
2021-01-18 02:50:35:290 [Appium] 
2021-01-18 02:50:35:290 [Appium]   The next major version of Appium (2.x) will **require** the 
2021-01-18 02:50:35:291 [Appium]   'automationName' capability to be set for all sessions on all 
2021-01-18 02:50:35:291 [Appium]   platforms
2021-01-18 02:50:35:291 [Appium] 
2021-01-18 02:50:35:291 [Appium]   In previous versions (Appium <= 1.13.x), the default was 
2021-01-18 02:50:35:291 [Appium]   'automationName=UiAutomator1'
2021-01-18 02:50:35:291 [Appium] 
2021-01-18 02:50:35:292 [Appium]   If you wish to use that automation instead of UiAutomator2, please 
2021-01-18 02:50:35:292 [Appium]   add 'automationName=UiAutomator1' to your desired capabilities
2021-01-18 02:50:35:292 [Appium] 
2021-01-18 02:50:35:292 [Appium]   For more information about drivers, please visit 
2021-01-18 02:50:35:292 [Appium]   http://appium.io/docs/en/about-appium/intro/ and explore the 
2021-01-18 02:50:35:292 [Appium]   'Drivers' menu
2021-01-18 02:50:35:292 [Appium] 
2021-01-18 02:50:35:293 [Appium] ======================================================================
2021-01-18 02:50:35:293 [Appium] 
2021-01-18 02:50:35:687 [Appium] Appium v1.19.1 creating new AndroidUiautomator2Driver (v1.60.0) session
2021-01-18 02:50:35:691 [BaseDriver] W3C capabilities and MJSONWP desired capabilities were provided
2021-01-18 02:50:35:691 [BaseDriver] Creating session with W3C capabilities: {
2021-01-18 02:50:35:692 [BaseDriver]   "alwaysMatch": {
2021-01-18 02:50:35:692 [BaseDriver]     "platformName": "android",
2021-01-18 02:50:35:692 [BaseDriver]     "appium:appActivity": "com.tencent.mm.ui.LauncherUI",
2021-01-18 02:50:35:692 [BaseDriver]     "appium:appPackage": "com.tencent.mm",
2021-01-18 02:50:35:692 [BaseDriver]     "appium:deviceName": "test",
2021-01-18 02:50:35:692 [BaseDriver]     "appium:noReset": true
2021-01-18 02:50:35:693 [BaseDriver]   },
2021-01-18 02:50:35:693 [BaseDriver]   "firstMatch": [
2021-01-18 02:50:35:693 [BaseDriver]     {}
2021-01-18 02:50:35:693 [BaseDriver]   ]
2021-01-18 02:50:35:693 [BaseDriver] }
2021-01-18 02:50:35:703 [BaseDriver] Session created with session id: b8624889-4bad-436f-825f-453b06657420
2021-01-18 02:50:35:705 [UiAutomator2] Starting 'com.tencent.mm' directly on the device
2021-01-18 02:50:35:723 [ADB] Found 1 'build-tools' folders under '/Users/yangrao/Library/Android/sdk' (newest first):
2021-01-18 02:50:35:724 [ADB]     /Users/yangrao/Library/Android/sdk/build-tools/30.0.3
2021-01-18 02:50:35:725 [ADB] Using 'adb' from '/Users/yangrao/Library/Android/sdk/platform-tools/adb'
2021-01-18 02:50:35:726 [ADB] Running '/Users/yangrao/Library/Android/sdk/platform-tools/adb -P 5037 start-server'
2021-01-18 02:50:35:743 [AndroidDriver] Retrieving device list
2021-01-18 02:50:35:745 [ADB] Trying to find a connected android device
2021-01-18 02:50:35:746 [ADB] Getting connected devices
2021-01-18 02:50:35:756 [ADB] Connected devices: [{"udid":"127.0.0.1:62001","state":"device"}]
2021-01-18 02:50:35:756 [AndroidDriver] Using device: 127.0.0.1:62001
2021-01-18 02:50:35:757 [ADB] Using 'adb' from '/Users/yangrao/Library/Android/sdk/platform-tools/adb'
2021-01-18 02:50:35:758 [ADB] Running '/Users/yangrao/Library/Android/sdk/platform-tools/adb -P 5037 start-server'
2021-01-18 02:50:35:766 [ADB] Setting device id to 127.0.0.1:62001
2021-01-18 02:50:35:767 [ADB] Running '/Users/yangrao/Library/Android/sdk/platform-tools/adb -P 5037 -s 127.0.0.1:62001 shell getprop ro.build.version.sdk'
2021-01-18 02:50:35:848 [ADB] Current device property 'ro.build.version.sdk': 25
2021-01-18 02:50:35:848 [ADB] Device API level: 25
2021-01-18 02:50:35:849 [AndroidDriver] No app sent in, not parsing package/activity
2021-01-18 02:50:35:850 [ADB] Running '/Users/yangrao/Library/Android/sdk/platform-tools/adb -P 5037 -s 127.0.0.1:62001 wait-for-device'
2021-01-18 02:50:35:859 [ADB] Running '/Users/yangrao/Library/Android/sdk/platform-tools/adb -P 5037 -s 127.0.0.1:62001 shell echo ping'
2021-01-18 02:50:35:945 [AndroidDriver] Pushing settings apk to device...
2021-01-18 02:50:35:946 [ADB] Getting install status for io.appium.settings
2021-01-18 02:50:35:947 [ADB] Running '/Users/yangrao/Library/Android/sdk/platform-tools/adb -P 5037 -s 127.0.0.1:62001 shell dumpsys package io.appium.settings'
2021-01-18 02:50:36:018 [ADB] 'io.appium.settings' is installed
2021-01-18 02:50:36:019 [ADB] Getting package info for 'io.appium.settings'
2021-01-18 02:50:36:019 [ADB] Running '/Users/yangrao/Library/Android/sdk/platform-tools/adb -P 5037 -s 127.0.0.1:62001 shell dumpsys package io.appium.settings'
2021-01-18 02:50:36:132 [ADB] The version name of the installed 'io.appium.settings' is greater or equal to the application version name ('3.2.1' >= '3.2.1')
2021-01-18 02:50:36:133 [ADB] There is no need to install/upgrade '/usr/local/lib/node_modules/appium/node_modules/_io.appium.settings@3.2.1@io.appium.settings/apks/settings_apk-debug.apk'
2021-01-18 02:50:36:133 [ADB] Getting IDs of all 'io.appium.settings' processes
2021-01-18 02:50:36:134 [ADB] Running '/Users/yangrao/Library/Android/sdk/platform-tools/adb -P 5037 -s 127.0.0.1\:62001 shell 'pgrep --help; echo $?''
2021-01-18 02:50:36:190 [ADB] Running '/Users/yangrao/Library/Android/sdk/platform-tools/adb -P 5037 -s 127.0.0.1\:62001 shell 'pgrep ^appium\\.settings$ || pgrep ^io\\.appium\\.setti$''
2021-01-18 02:50:36:304 [AndroidDriver] io.appium.settings is already running. There is no need to reset its permissions.
2021-01-18 02:50:36:305 [ADB] Running '/Users/yangrao/Library/Android/sdk/platform-tools/adb -P 5037 -s 127.0.0.1:62001 shell appops set io.appium.settings android:mock_location allow'
2021-01-18 02:50:36:425 [Logcat] Starting logs capture with command: /Users/yangrao/Library/Android/sdk/platform-tools/adb -P 5037 -s 127.0.0.1\:62001 logcat -v threadtime
2021-01-18 02:50:36:477 [UiAutomator2] Forwarding UiAutomator2 Server port 6790 to local port 8201
2021-01-18 02:50:36:478 [ADB] Forwarding system: 8201 to device: 6790
2021-01-18 02:50:36:478 [ADB] Running '/Users/yangrao/Library/Android/sdk/platform-tools/adb -P 5037 -s 127.0.0.1:62001 forward tcp:8201 tcp:6790'
2021-01-18 02:50:36:495 [UiAutomator2] Server package at '/usr/local/lib/node_modules/appium/node_modules/_appium-uiautomator2-server@4.17.1@appium-uiautomator2-server/apks/appium-uiautomator2-server-v4.17.1.apk' is not writeable. Will copy it into the temporary location at '/var/folders/xb/z6kr52dd0n51bft6xvw1nnl80000gn/T/2021018-4703-18fxfvl.k0cuk' as a workaround. Consider making this file writeable manually in order to improve the performance of session startup.
2021-01-18 02:50:36:496 [UiAutomator2] Server package at '/usr/local/lib/node_modules/appium/node_modules/_appium-uiautomator2-server@4.17.1@appium-uiautomator2-server/apks/appium-uiautomator2-server-debug-androidTest.apk' is not writeable. Will copy it into the temporary location at '/var/folders/xb/z6kr52dd0n51bft6xvw1nnl80000gn/T/2021018-4703-18fxfvl.k0cuk' as a workaround. Consider making this file writeable manually in order to improve the performance of session startup.
2021-01-18 02:50:36:514 [ADB] Getting install status for io.appium.uiautomator2.server
2021-01-18 02:50:36:514 [ADB] Running '/Users/yangrao/Library/Android/sdk/platform-tools/adb -P 5037 -s 127.0.0.1:62001 shell dumpsys package io.appium.uiautomator2.server'
2021-01-18 02:50:36:560 [ADB] 'io.appium.uiautomator2.server' is installed
2021-01-18 02:50:36:560 [ADB] Getting package info for 'io.appium.uiautomator2.server'
2021-01-18 02:50:36:560 [ADB] Running '/Users/yangrao/Library/Android/sdk/platform-tools/adb -P 5037 -s 127.0.0.1:62001 shell dumpsys package io.appium.uiautomator2.server'
2021-01-18 02:50:36:628 [ADB] The version name of the installed 'io.appium.uiautomator2.server' is greater or equal to the application version name ('4.17.1' >= '4.17.1')
2021-01-18 02:50:36:628 [UiAutomator2] io.appium.uiautomator2.server installation state: sameVersionInstalled
2021-01-18 02:50:36:629 [ADB] Checking app cert for /var/folders/xb/z6kr52dd0n51bft6xvw1nnl80000gn/T/2021018-4703-18fxfvl.k0cuk/appium-uiautomator2-server-v4.17.1.apk
2021-01-18 02:50:36:632 [ADB] Using 'apksigner.jar' from '/Users/yangrao/Library/Android/sdk/build-tools/30.0.3/lib/apksigner.jar'
2021-01-18 02:50:36:634 [ADB] Starting apksigner: /Library/Java/JavaVirtualMachines/jdk1.8.0_171.jdk/Contents/Home/bin/java -Xmx1024M -Xss1m -jar /Users/yangrao/Library/Android/sdk/build-tools/30.0.3/lib/apksigner.jar verify --print-certs /var/folders/xb/z6kr52dd0n51bft6xvw1nnl80000gn/T/2021018-4703-18fxfvl.k0cuk/appium-uiautomator2-server-v4.17.1.apk
2021-01-18 02:50:37:311 [ADB] apksigner stdout: Signer #1 certificate DN: EMAILADDRESS=android@android.com, CN=Android, OU=Android, O=Android, L=Mountain View, ST=California, C=US
2021-01-18 02:50:37:311 [ADB] Signer #1 certificate SHA-256 digest: a40da80a59d170caa950cf15c18c454d47a39b26989d8b640ecd745ba71bf5dc
2021-01-18 02:50:37:311 [ADB] Signer #1 certificate SHA-1 digest: 61ed377e85d386a8dfee6b864bd85b0bfaa5af81
2021-01-18 02:50:37:311 [ADB] Signer #1 certificate MD5 digest: e89b158e4bcf988ebd09eb83f5378e87
2021-01-18 02:50:37:312 [ADB] 
2021-01-18 02:50:37:312 [ADB] sha256 hash did match for 'appium-uiautomator2-server-v4.17.1.apk'
2021-01-18 02:50:37:312 [ADB] '/var/folders/xb/z6kr52dd0n51bft6xvw1nnl80000gn/T/2021018-4703-18fxfvl.k0cuk/appium-uiautomator2-server-v4.17.1.apk' is signed with the default certificate
2021-01-18 02:50:37:313 [ADB] Getting install status for io.appium.uiautomator2.server.test
2021-01-18 02:50:37:319 [ADB] Running '/Users/yangrao/Library/Android/sdk/platform-tools/adb -P 5037 -s 127.0.0.1:62001 shell dumpsys package io.appium.uiautomator2.server.test'
2021-01-18 02:50:37:424 [ADB] 'io.appium.uiautomator2.server.test' is installed
2021-01-18 02:50:37:424 [ADB] Checking app cert for /var/folders/xb/z6kr52dd0n51bft6xvw1nnl80000gn/T/2021018-4703-18fxfvl.k0cuk/appium-uiautomator2-server-debug-androidTest.apk
2021-01-18 02:50:37:425 [ADB] Starting apksigner: /Library/Java/JavaVirtualMachines/jdk1.8.0_171.jdk/Contents/Home/bin/java -Xmx1024M -Xss1m -jar /Users/yangrao/Library/Android/sdk/build-tools/30.0.3/lib/apksigner.jar verify --print-certs /var/folders/xb/z6kr52dd0n51bft6xvw1nnl80000gn/T/2021018-4703-18fxfvl.k0cuk/appium-uiautomator2-server-debug-androidTest.apk
2021-01-18 02:50:37:956 [ADB] apksigner stdout: Signer #1 certificate DN: EMAILADDRESS=android@android.com, CN=Android, OU=Android, O=Android, L=Mountain View, ST=California, C=US
2021-01-18 02:50:37:956 [ADB] Signer #1 certificate SHA-256 digest: a40da80a59d170caa950cf15c18c454d47a39b26989d8b640ecd745ba71bf5dc
2021-01-18 02:50:37:957 [ADB] Signer #1 certificate SHA-1 digest: 61ed377e85d386a8dfee6b864bd85b0bfaa5af81
2021-01-18 02:50:37:957 [ADB] Signer #1 certificate MD5 digest: e89b158e4bcf988ebd09eb83f5378e87
2021-01-18 02:50:37:957 [ADB] 
2021-01-18 02:50:37:957 [ADB] sha256 hash did match for 'appium-uiautomator2-server-debug-androidTest.apk'
2021-01-18 02:50:37:957 [ADB] '/var/folders/xb/z6kr52dd0n51bft6xvw1nnl80000gn/T/2021018-4703-18fxfvl.k0cuk/appium-uiautomator2-server-debug-androidTest.apk' is signed with the default certificate
2021-01-18 02:50:37:958 [UiAutomator2] Server packages are not going to be (re)installed
2021-01-18 02:50:37:962 [UiAutomator2] Waiting up to 30000ms for services to be available
2021-01-18 02:50:37:962 [ADB] Running '/Users/yangrao/Library/Android/sdk/platform-tools/adb -P 5037 -s 127.0.0.1:62001 shell pm list instrumentation'
2021-01-18 02:50:39:373 [UiAutomator2] Instrumentation target 'io.appium.uiautomator2.server.test/androidx.test.runner.AndroidJUnitRunner' is available
2021-01-18 02:50:39:376 [ADB] Adding packages ["io.appium.settings","io.appium.uiautomator2.server","io.appium.uiautomator2.server.test"] to Doze whitelist
2021-01-18 02:50:39:376 [ADB] Got the following command chunks to execute: [["dumpsys","deviceidle","whitelist","+io.appium.settings",";","dumpsys","deviceidle","whitelist","+io.appium.uiautomator2.server",";","dumpsys","deviceidle","whitelist","+io.appium.uiautomator2.server.test",";"]]
2021-01-18 02:50:39:376 [ADB] Running '/Users/yangrao/Library/Android/sdk/platform-tools/adb -P 5037 -s 127.0.0.1:62001 shell dumpsys deviceidle whitelist +io.appium.settings ; dumpsys deviceidle whitelist +io.appium.uiautomator2.server ; dumpsys deviceidle whitelist +io.appium.uiautomator2.server.test ;'
2021-01-18 02:50:39:510 [UiAutomator2] No app capability. Assuming it is already on the device
2021-01-18 02:50:39:510 [UiAutomator2] Performing shallow cleanup of automation leftovers
2021-01-18 02:50:39:525 [UiAutomator2] The following obsolete sessions are still running: [null]
2021-01-18 02:50:39:525 [UiAutomator2] Cleaning up the obsolete sessions
2021-01-18 02:50:40:539 [ADB] Running '/Users/yangrao/Library/Android/sdk/platform-tools/adb -P 5037 -s 127.0.0.1:62001 shell am force-stop io.appium.uiautomator2.server.test'
2021-01-18 02:50:41:473 [UiAutomator2] Starting UIAutomator2 server 4.17.1
2021-01-18 02:50:41:474 [UiAutomator2] Using UIAutomator2 server from '/usr/local/lib/node_modules/appium/node_modules/_appium-uiautomator2-server@4.17.1@appium-uiautomator2-server/apks/appium-uiautomator2-server-v4.17.1.apk' and test from '/usr/local/lib/node_modules/appium/node_modules/_appium-uiautomator2-server@4.17.1@appium-uiautomator2-server/apks/appium-uiautomator2-server-debug-androidTest.apk'
2021-01-18 02:50:41:474 [UiAutomator2] Waiting up to 30000ms for UiAutomator2 to be online...
2021-01-18 02:50:41:474 [ADB] Creating ADB subprocess with args: ["-P",5037,"-s","127.0.0.1:62001","shell","am","instrument","-w","io.appium.uiautomator2.server.test/androidx.test.runner.AndroidJUnitRunner"]
2021-01-18 02:50:41:481 [WD Proxy] Matched '/status' to command name 'getStatus'
2021-01-18 02:50:41:483 [WD Proxy] Proxying [GET /status] to [GET http://127.0.0.1:8201/wd/hub/status] with no body
2021-01-18 02:50:41:489 [WD Proxy] socket hang up
2021-01-18 02:50:42:109 [Instrumentation] io.appium.uiautomator2.server.test.AppiumUiAutomator2Server:
2021-01-18 02:50:42:493 [WD Proxy] Matched '/status' to command name 'getStatus'
2021-01-18 02:50:42:494 [WD Proxy] Proxying [GET /status] to [GET http://127.0.0.1:8201/wd/hub/status] with no body
2021-01-18 02:50:42:497 [WD Proxy] socket hang up
2021-01-18 02:50:43:501 [WD Proxy] Matched '/status' to command name 'getStatus'
2021-01-18 02:50:43:502 [WD Proxy] Proxying [GET /status] to [GET http://127.0.0.1:8201/wd/hub/status] with no body
2021-01-18 02:50:43:513 [WD Proxy] Got response with status 200: {"sessionId":"None","value":{"message":"UiAutomator2 Server is ready to accept commands","ready":true}}
2021-01-18 02:50:43:513 [UiAutomator2] The initialization of the instrumentation process took 2039ms
2021-01-18 02:50:43:513 [WD Proxy] Matched '/session' to command name 'createSession'
2021-01-18 02:50:43:514 [WD Proxy] Proxying [POST /session] to [POST http://127.0.0.1:8201/wd/hub/session] with body: {"capabilities":{"firstMatch":[{"platform":"LINUX","webStorageEnabled":false,"takesScreenshot":true,"javascriptEnabled":true,"databaseEnabled":false,"networkConnectionEnabled":true,"locationContextEnabled":false,"warnings":{},"desired":{"platformName":"android","appActivity":"com.tencent.mm.ui.LauncherUI","appPackage":"com.tencent.mm","deviceName":"test","noReset":true},"platformName":"android","appActivity":"com.tencent.mm.ui.LauncherUI","appPackage":"com.tencent.mm","deviceName":"127.0.0.1:62001","noReset":true,"deviceUDID":"127.0.0.1:62001"}],"alwaysMatch":{}}}
2021-01-18 02:50:43:519 [WD Proxy] Got response with status 200: {"sessionId":"6c58e509-9305-4bde-b7aa-b31cbc5fbf4e","value":{"capabilities":{"firstMatch":[{"platform":"LINUX","webStorageEnabled":false,"takesScreenshot":true,"javascriptEnabled":true,"databaseEnabled":false,"networkConnectionEnabled":true,"locationContextEnabled":false,"warnings":{},"desired":{"platformName":"android","appActivity":"com.tencent.mm.ui.LauncherUI","appPackage":"com.tencent.mm","deviceName":"test","noReset":true},"platformName":"android","appActivity":"com.tencent.mm.ui.LauncherUI","appPackage":"com.tencent.mm","deviceName":"127.0.0.1:62001","noReset":true,"deviceUDID":"127.0.0.1:62001"}],"alwaysMatch":{}},"sessionId":"6c58e509-9305-4bde-b7aa-b31cbc5fbf4e"}}
2021-01-18 02:50:43:519 [WD Proxy] Determined the downstream protocol as 'W3C'
2021-01-18 02:50:43:525 [WD Proxy] Proxying [GET /appium/device/info] to [GET http://127.0.0.1:8201/wd/hub/session/6c58e509-9305-4bde-b7aa-b31cbc5fbf4e/appium/device/info] with no body
2021-01-18 02:50:43:532 [WD Proxy] Got response with status 200: {"sessionId":"6c58e509-9305-4bde-b7aa-b31cbc5fbf4e","value":{"androidId":"88E9FE4ECD3B0000","apiVersion":"25","bluetooth":{"state":"OFF"},"brand":"samsung","carrierName":"CMCC","displayDensity":320,"locale":"zh_CN","manufacturer":"samsung","model":"SM-G965N","networks":[{"capabilities":{"SSID":null,"linkDownBandwidthKbps":1048576,"linkUpstreamBandwidthKbps":1048576,"networkCapabilities":"NET_CAPABILITY_NOT_METERED,NET_CAPABILITY_NOT_RESTRICTED,NET_CAPABILITY_NOT_VPN,NET_CAPABILITY_NOT_ROAMING,NET_CAPABILITY_INTERNET,NET_CAPABILITY_TRUSTED,NET_CAPABILITY_VALIDATED","signalStrength":-55,"transportTypes":"TRANSPORT_WIFI"},"detailedState":"CONNECTED","extraInfo":"\"WiredSSID\"","isAvailable":true,"isConnected":true,"isFailover":false,"isRoaming":false,"state":"CONNECTED","subtype":0,"subtypeName":"","type":1,"typeName":"WIFI"}],"platformVersion":"7.1.2","realDisplaySize":"900x1600","timeZone":"Asia/Shanghai"}}
2021-01-18 02:50:43:533 [ADB] Running '/Users/yangrao/Library/Android/sdk/platform-tools/adb -P 5037 -s 127.0.0.1:62001 shell dumpsys window'
2021-01-18 02:50:43:574 [AndroidDriver] Screen already unlocked, doing nothing
2021-01-18 02:50:43:575 [UiAutomator2] Starting 'com.tencent.mm/com.tencent.mm.ui.LauncherUI and waiting for 'com.tencent.mm/com.tencent.mm.ui.LauncherUI'
2021-01-18 02:50:43:576 [ADB] Running '/Users/yangrao/Library/Android/sdk/platform-tools/adb -P 5037 -s 127.0.0.1:62001 shell am start -W -n com.tencent.mm/com.tencent.mm.ui.LauncherUI -S -a android.intent.action.MAIN -c android.intent.category.LAUNCHER -f 0x10200000'
2021-01-18 02:50:46:007 [WD Proxy] Proxying [GET /appium/device/pixel_ratio] to [GET http://127.0.0.1:8201/wd/hub/session/6c58e509-9305-4bde-b7aa-b31cbc5fbf4e/appium/device/pixel_ratio] with no body
2021-01-18 02:50:46:017 [WD Proxy] Got response with status 200: {"sessionId":"6c58e509-9305-4bde-b7aa-b31cbc5fbf4e","value":2}
2021-01-18 02:50:46:019 [WD Proxy] Matched '/appium/device/system_bars' to command name 'getSystemBars'
2021-01-18 02:50:46:019 [WD Proxy] Proxying [GET /appium/device/system_bars] to [GET http://127.0.0.1:8201/wd/hub/session/6c58e509-9305-4bde-b7aa-b31cbc5fbf4e/appium/device/system_bars] with no body
2021-01-18 02:50:46:022 [WD Proxy] Got response with status 200: {"sessionId":"6c58e509-9305-4bde-b7aa-b31cbc5fbf4e","value":{"statusBar":48}}
2021-01-18 02:50:46:023 [WD Proxy] Matched '/window/current/size' to command name 'getWindowSize'
2021-01-18 02:50:46:025 [WD Proxy] Proxying [GET /window/current/size] to [GET http://127.0.0.1:8201/wd/hub/session/6c58e509-9305-4bde-b7aa-b31cbc5fbf4e/window/current/size] with no body
2021-01-18 02:50:46:028 [WD Proxy] Got response with status 200: {"sessionId":"6c58e509-9305-4bde-b7aa-b31cbc5fbf4e","value":{"height":1600,"width":900}}
2021-01-18 02:50:46:029 [Appium] New AndroidUiautomator2Driver session created successfully, session b8624889-4bad-436f-825f-453b06657420 added to master session list
2021-01-18 02:50:46:030 [BaseDriver] Event 'newSessionStarted' logged at 1610938246029 (10:50:46 GMT+0800 (China Standard Time))
2021-01-18 02:50:46:030 [W3C (b8624889)] Cached the protocol value 'W3C' for the new session b8624889-4bad-436f-825f-453b06657420
2021-01-18 02:50:46:031 [W3C (b8624889)] Responding to client with driver.createSession() result: {"capabilities":{"platform":"LINUX","webStorageEnabled":false,"takesScreenshot":true,"javascriptEnabled":true,"databaseEnabled":false,"networkConnectionEnabled":true,"locationContextEnabled":false,"warnings":{},"desired":{"platformName":"android","appActivity":"com.tencent.mm.ui.LauncherUI","appPackage":"com.tencent.mm","deviceName":"test","noReset":true},"platformName":"android","appActivity":"com.tencent.mm.ui.LauncherUI","appPackage":"com.tencent.mm","deviceName":"127.0.0.1:62001","noReset":true,"deviceUDID":"127.0.0.1:62001","deviceApiLevel":25,"platformVersion":"7.1.2","deviceScreenSize":"900x1600","deviceScreenDensity":320,"deviceModel":"SM-G965N","deviceManufacturer":"samsung","pixelRatio":2,"statBarHeight":48,"viewportRect":{"left":0,"top":48,"width":900,"height":1552}}}
2021-01-18 02:50:46:035 [HTTP] <-- POST /wd/hub/session 200 10757 ms - 850
2021-01-18 02:50:46:036 [HTTP] 
2021-01-18 02:50:46:045 [HTTP] --> POST /wd/hub/session/b8624889-4bad-436f-825f-453b06657420/timeouts
2021-01-18 02:50:46:046 [HTTP] {"implicit":20000}
2021-01-18 02:50:46:050 [W3C (b8624889)] Calling AppiumDriver.timeouts() with args: [null,null,null,null,20000,"b8624889-4bad-436f-825f-453b06657420"]
2021-01-18 02:50:46:051 [BaseDriver] W3C timeout argument: {"implicit":20000}}
2021-01-18 02:50:46:051 [BaseDriver] Set implicit wait to 20000ms
2021-01-18 02:50:46:052 [W3C (b8624889)] Responding to client with driver.timeouts() result: null
2021-01-18 02:50:46:055 [HTTP] <-- POST /wd/hub/session/b8624889-4bad-436f-825f-453b06657420/timeouts 200 9 ms - 14
2021-01-18 02:50:46:055 [HTTP] 
2021-01-18 02:50:46:077 [HTTP] --> POST /wd/hub/session/b8624889-4bad-436f-825f-453b06657420/element
2021-01-18 02:50:46:077 [HTTP] {"using":"-android uiautomator","value":"new UiSelector().text(\"发现\")"}
2021-01-18 02:50:46:079 [W3C (b8624889)] Calling AppiumDriver.findElement() with args: ["-android uiautomator","new UiSelector().text(\"发现\")","b8624889-4bad-436f-825f-453b06657420"]
2021-01-18 02:50:46:080 [BaseDriver] Valid locator strategies for this request: xpath, id, class name, accessibility id, css selector, -android uiautomator
2021-01-18 02:50:46:081 [BaseDriver] Waiting up to 20000 ms for condition
2021-01-18 02:50:46:082 [WD Proxy] Matched '/element' to command name 'findElement'
2021-01-18 02:50:46:083 [WD Proxy] Proxying [POST /element] to [POST http://127.0.0.1:8201/wd/hub/session/6c58e509-9305-4bde-b7aa-b31cbc5fbf4e/element] with body: {"strategy":"-android uiautomator","selector":"new UiSelector().text(\"发现\")","context":"","multiple":false}
2021-01-18 02:50:46:116 [WD Proxy] Got response with status 404: {"sessionId":"6c58e509-9305-4bde-b7aa-b31cbc5fbf4e","value":{"error":"no such element","message":"An element could not be located on the page using the given search parameters","stacktrace":"io.appium.uiautomator2.common.exceptions.ElementNotFoundException: An element could not be located on the page using the given search parameters\n\tat io.appium.uiautomator2.handler.FindElement.safeHandle(FindElement.java:70)\n\tat io.appium.uiautomator2.handler.request.SafeRequestHandler.handle(SafeRequestHandler.java:41)\n\tat io.appium.uiautomator2.server.AppiumServlet.handleRequest(AppiumServlet.java:261)\n\tat io.appium.uiautomator2.server.AppiumServlet.handleHttpRequest(AppiumServlet.java:255)\n\tat io.appium.uiautomator2.http.ServerHandler.channelRead(ServerHandler.java:68)\n\tat io.netty.channel.AbstractChannelHandlerContext.invokeChannelRead(AbstractChannelHandlerContext.java:366)\n\tat io.netty.channel.AbstractChannelHandlerContext.invokeChannelRead(AbstractChannelHandlerContext.java:352)\n\tat io.netty.chann...
2021-01-18 02:50:46:117 [W3C] Matched W3C error code 'no such element' to NoSuchElementError
2021-01-18 02:50:46:117 [BaseDriver] Waited for 36 ms so far
2021-01-18 02:50:46:620 [WD Proxy] Matched '/element' to command name 'findElement'
2021-01-18 02:50:46:621 [WD Proxy] Proxying [POST /element] to [POST http://127.0.0.1:8201/wd/hub/session/6c58e509-9305-4bde-b7aa-b31cbc5fbf4e/element] with body: {"strategy":"-android uiautomator","selector":"new UiSelector().text(\"发现\")","context":"","multiple":false}
2021-01-18 02:50:46:627 [WD Proxy] Got response with status 404: {"sessionId":"6c58e509-9305-4bde-b7aa-b31cbc5fbf4e","value":{"error":"no such element","message":"An element could not be located on the page using the given search parameters","stacktrace":"io.appium.uiautomator2.common.exceptions.ElementNotFoundException: An element could not be located on the page using the given search parameters\n\tat io.appium.uiautomator2.handler.FindElement.safeHandle(FindElement.java:70)\n\tat io.appium.uiautomator2.handler.request.SafeRequestHandler.handle(SafeRequestHandler.java:41)\n\tat io.appium.uiautomator2.server.AppiumServlet.handleRequest(AppiumServlet.java:261)\n\tat io.appium.uiautomator2.server.AppiumServlet.handleHttpRequest(AppiumServlet.java:255)\n\tat io.appium.uiautomator2.http.ServerHandler.channelRead(ServerHandler.java:68)\n\tat io.netty.channel.AbstractChannelHandlerContext.invokeChannelRead(AbstractChannelHandlerContext.java:366)\n\tat io.netty.channel.AbstractChannelHandlerContext.invokeChannelRead(AbstractChannelHandlerContext.java:352)\n\tat io.netty.chann...
2021-01-18 02:50:46:628 [W3C] Matched W3C error code 'no such element' to NoSuchElementError
2021-01-18 02:50:46:628 [BaseDriver] Waited for 547 ms so far
2021-01-18 02:50:47:128 [WD Proxy] Matched '/element' to command name 'findElement'
2021-01-18 02:50:47:129 [WD Proxy] Proxying [POST /element] to [POST http://127.0.0.1:8201/wd/hub/session/6c58e509-9305-4bde-b7aa-b31cbc5fbf4e/element] with body: {"strategy":"-android uiautomator","selector":"new UiSelector().text(\"发现\")","context":"","multiple":false}
2021-01-18 02:50:48:255 [WD Proxy] Got response with status 404: {"sessionId":"6c58e509-9305-4bde-b7aa-b31cbc5fbf4e","value":{"error":"no such element","message":"An element could not be located on the page using the given search parameters","stacktrace":"io.appium.uiautomator2.common.exceptions.ElementNotFoundException: An element could not be located on the page using the given search parameters\n\tat io.appium.uiautomator2.handler.FindElement.safeHandle(FindElement.java:70)\n\tat io.appium.uiautomator2.handler.request.SafeRequestHandler.handle(SafeRequestHandler.java:41)\n\tat io.appium.uiautomator2.server.AppiumServlet.handleRequest(AppiumServlet.java:261)\n\tat io.appium.uiautomator2.server.AppiumServlet.handleHttpRequest(AppiumServlet.java:255)\n\tat io.appium.uiautomator2.http.ServerHandler.channelRead(ServerHandler.java:68)\n\tat io.netty.channel.AbstractChannelHandlerContext.invokeChannelRead(AbstractChannelHandlerContext.java:366)\n\tat io.netty.channel.AbstractChannelHandlerContext.invokeChannelRead(AbstractChannelHandlerContext.java:352)\n\tat io.netty.chann...
2021-01-18 02:50:48:255 [W3C] Matched W3C error code 'no such element' to NoSuchElementError
2021-01-18 02:50:48:255 [BaseDriver] Waited for 2174 ms so far
2021-01-18 02:50:48:757 [WD Proxy] Matched '/element' to command name 'findElement'
2021-01-18 02:50:48:757 [WD Proxy] Proxying [POST /element] to [POST http://127.0.0.1:8201/wd/hub/session/6c58e509-9305-4bde-b7aa-b31cbc5fbf4e/element] with body: {"strategy":"-android uiautomator","selector":"new UiSelector().text(\"发现\")","context":"","multiple":false}
2021-01-18 02:50:50:054 [WD Proxy] Got response with status 200: {"sessionId":"6c58e509-9305-4bde-b7aa-b31cbc5fbf4e","value":{"ELEMENT":"99f0d093-6b5d-4850-beab-4e20c15e5fce","element-6066-11e4-a52e-4f735466cecf":"99f0d093-6b5d-4850-beab-4e20c15e5fce"}}
2021-01-18 02:50:50:055 [W3C (b8624889)] Responding to client with driver.findElement() result: {"element-6066-11e4-a52e-4f735466cecf":"99f0d093-6b5d-4850-beab-4e20c15e5fce","ELEMENT":"99f0d093-6b5d-4850-beab-4e20c15e5fce"}
2021-01-18 02:50:50:056 [HTTP] <-- POST /wd/hub/session/b8624889-4bad-436f-825f-453b06657420/element 200 3978 ms - 137
2021-01-18 02:50:50:056 [HTTP] 
2021-01-18 02:50:50:072 [HTTP] --> POST /wd/hub/session/b8624889-4bad-436f-825f-453b06657420/element/99f0d093-6b5d-4850-beab-4e20c15e5fce/click
2021-01-18 02:50:50:072 [HTTP] {"id":"99f0d093-6b5d-4850-beab-4e20c15e5fce"}
2021-01-18 02:50:50:073 [W3C (b8624889)] Calling AppiumDriver.click() with args: ["99f0d093-6b5d-4850-beab-4e20c15e5fce","b8624889-4bad-436f-825f-453b06657420"]
2021-01-18 02:50:50:074 [WD Proxy] Matched '/element/99f0d093-6b5d-4850-beab-4e20c15e5fce/click' to command name 'click'
2021-01-18 02:50:50:074 [WD Proxy] Proxying [POST /element/99f0d093-6b5d-4850-beab-4e20c15e5fce/click] to [POST http://127.0.0.1:8201/wd/hub/session/6c58e509-9305-4bde-b7aa-b31cbc5fbf4e/element/99f0d093-6b5d-4850-beab-4e20c15e5fce/click] with body: {"element":"99f0d093-6b5d-4850-beab-4e20c15e5fce"}
2021-01-18 02:50:50:091 [WD Proxy] Got response with status 200: {"sessionId":"6c58e509-9305-4bde-b7aa-b31cbc5fbf4e","value":null}
2021-01-18 02:50:50:091 [W3C (b8624889)] Responding to client with driver.click() result: null
2021-01-18 02:50:50:092 [HTTP] <-- POST /wd/hub/session/b8624889-4bad-436f-825f-453b06657420/element/99f0d093-6b5d-4850-beab-4e20c15e5fce/click 200 20 ms - 14
2021-01-18 02:50:50:092 [HTTP] 
2021-01-18 02:50:50:096 [HTTP] --> POST /wd/hub/session/b8624889-4bad-436f-825f-453b06657420/element
2021-01-18 02:50:50:096 [HTTP] {"using":"-android uiautomator","value":"new UiSelector().text(\"小程序\")"}
2021-01-18 02:50:50:097 [W3C (b8624889)] Calling AppiumDriver.findElement() with args: ["-android uiautomator","new UiSelector().text(\"小程序\")","b8624889-4bad-436f-825f-453b06657420"]
2021-01-18 02:50:50:097 [BaseDriver] Valid locator strategies for this request: xpath, id, class name, accessibility id, css selector, -android uiautomator
2021-01-18 02:50:50:097 [BaseDriver] Waiting up to 20000 ms for condition
2021-01-18 02:50:50:098 [WD Proxy] Matched '/element' to command name 'findElement'
2021-01-18 02:50:50:098 [WD Proxy] Proxying [POST /element] to [POST http://127.0.0.1:8201/wd/hub/session/6c58e509-9305-4bde-b7aa-b31cbc5fbf4e/element] with body: {"strategy":"-android uiautomator","selector":"new UiSelector().text(\"小程序\")","context":"","multiple":false}
2021-01-18 02:50:51:101 [WD Proxy] Got response with status 200: {"sessionId":"6c58e509-9305-4bde-b7aa-b31cbc5fbf4e","value":{"ELEMENT":"8400aaaf-f7da-479e-a803-f6d985275f05","element-6066-11e4-a52e-4f735466cecf":"8400aaaf-f7da-479e-a803-f6d985275f05"}}
2021-01-18 02:50:51:102 [W3C (b8624889)] Responding to client with driver.findElement() result: {"element-6066-11e4-a52e-4f735466cecf":"8400aaaf-f7da-479e-a803-f6d985275f05","ELEMENT":"8400aaaf-f7da-479e-a803-f6d985275f05"}
2021-01-18 02:50:51:103 [HTTP] <-- POST /wd/hub/session/b8624889-4bad-436f-825f-453b06657420/element 200 1007 ms - 137
2021-01-18 02:50:51:103 [HTTP] 
2021-01-18 02:50:51:108 [HTTP] --> POST /wd/hub/session/b8624889-4bad-436f-825f-453b06657420/element/8400aaaf-f7da-479e-a803-f6d985275f05/click
2021-01-18 02:50:51:109 [HTTP] {"id":"8400aaaf-f7da-479e-a803-f6d985275f05"}
2021-01-18 02:50:51:109 [W3C (b8624889)] Calling AppiumDriver.click() with args: ["8400aaaf-f7da-479e-a803-f6d985275f05","b8624889-4bad-436f-825f-453b06657420"]
2021-01-18 02:50:51:111 [WD Proxy] Matched '/element/8400aaaf-f7da-479e-a803-f6d985275f05/click' to command name 'click'
2021-01-18 02:50:51:112 [WD Proxy] Proxying [POST /element/8400aaaf-f7da-479e-a803-f6d985275f05/click] to [POST http://127.0.0.1:8201/wd/hub/session/6c58e509-9305-4bde-b7aa-b31cbc5fbf4e/element/8400aaaf-f7da-479e-a803-f6d985275f05/click] with body: {"element":"8400aaaf-f7da-479e-a803-f6d985275f05"}
2021-01-18 02:50:52:348 [WD Proxy] Got response with status 200: {"sessionId":"6c58e509-9305-4bde-b7aa-b31cbc5fbf4e","value":null}
2021-01-18 02:50:52:349 [W3C (b8624889)] Responding to client with driver.click() result: null
2021-01-18 02:50:52:350 [HTTP] <-- POST /wd/hub/session/b8624889-4bad-436f-825f-453b06657420/element/8400aaaf-f7da-479e-a803-f6d985275f05/click 200 1241 ms - 14
2021-01-18 02:50:52:350 [HTTP] 
2021-01-18 02:50:52:354 [HTTP] --> POST /wd/hub/session/b8624889-4bad-436f-825f-453b06657420/element
2021-01-18 02:50:52:355 [HTTP] {"using":"-android uiautomator","value":"new UiSelector().text(\"彩虹鱼一店通\")"}
2021-01-18 02:50:52:355 [W3C (b8624889)] Calling AppiumDriver.findElement() with args: ["-android uiautomator","new UiSelector().text(\"彩虹鱼一店通\")","b8624889-4bad-436f-825f-453b06657420"]
2021-01-18 02:50:52:356 [BaseDriver] Valid locator strategies for this request: xpath, id, class name, accessibility id, css selector, -android uiautomator
2021-01-18 02:50:52:356 [BaseDriver] Waiting up to 20000 ms for condition
2021-01-18 02:50:52:358 [WD Proxy] Matched '/element' to command name 'findElement'
2021-01-18 02:50:52:358 [WD Proxy] Proxying [POST /element] to [POST http://127.0.0.1:8201/wd/hub/session/6c58e509-9305-4bde-b7aa-b31cbc5fbf4e/element] with body: {"strategy":"-android uiautomator","selector":"new UiSelector().text(\"彩虹鱼一店通\")","context":"","multiple":false}
2021-01-18 02:50:54:012 [WD Proxy] Got response with status 200: {"sessionId":"6c58e509-9305-4bde-b7aa-b31cbc5fbf4e","value":{"ELEMENT":"38d31f34-baca-431a-8224-6243d45db8bd","element-6066-11e4-a52e-4f735466cecf":"38d31f34-baca-431a-8224-6243d45db8bd"}}
2021-01-18 02:50:54:013 [W3C (b8624889)] Responding to client with driver.findElement() result: {"element-6066-11e4-a52e-4f735466cecf":"38d31f34-baca-431a-8224-6243d45db8bd","ELEMENT":"38d31f34-baca-431a-8224-6243d45db8bd"}
2021-01-18 02:50:54:013 [HTTP] <-- POST /wd/hub/session/b8624889-4bad-436f-825f-453b06657420/element 200 1659 ms - 137
2021-01-18 02:50:54:014 [HTTP] 
2021-01-18 02:50:54:018 [HTTP] --> POST /wd/hub/session/b8624889-4bad-436f-825f-453b06657420/element/38d31f34-baca-431a-8224-6243d45db8bd/click
2021-01-18 02:50:54:018 [HTTP] {"id":"38d31f34-baca-431a-8224-6243d45db8bd"}
2021-01-18 02:50:54:018 [W3C (b8624889)] Calling AppiumDriver.click() with args: ["38d31f34-baca-431a-8224-6243d45db8bd","b8624889-4bad-436f-825f-453b06657420"]
2021-01-18 02:50:54:019 [WD Proxy] Matched '/element/38d31f34-baca-431a-8224-6243d45db8bd/click' to command name 'click'
2021-01-18 02:50:54:019 [WD Proxy] Proxying [POST /element/38d31f34-baca-431a-8224-6243d45db8bd/click] to [POST http://127.0.0.1:8201/wd/hub/session/6c58e509-9305-4bde-b7aa-b31cbc5fbf4e/element/38d31f34-baca-431a-8224-6243d45db8bd/click] with body: {"element":"38d31f34-baca-431a-8224-6243d45db8bd"}
2021-01-18 02:50:54:035 [WD Proxy] Got response with status 200: {"sessionId":"6c58e509-9305-4bde-b7aa-b31cbc5fbf4e","value":null}
2021-01-18 02:50:54:035 [W3C (b8624889)] Responding to client with driver.click() result: null
2021-01-18 02:50:54:037 [HTTP] <-- POST /wd/hub/session/b8624889-4bad-436f-825f-453b06657420/element/38d31f34-baca-431a-8224-6243d45db8bd/click 200 18 ms - 14
2021-01-18 02:50:54:037 [HTTP] 
2021-01-18 02:50:54:041 [HTTP] --> POST /wd/hub/session/b8624889-4bad-436f-825f-453b06657420/element
2021-01-18 02:50:54:042 [HTTP] {"using":"-android uiautomator","value":"new UiSelector().text(\"销售目标\")"}
2021-01-18 02:50:54:042 [W3C (b8624889)] Calling AppiumDriver.findElement() with args: ["-android uiautomator","new UiSelector().text(\"销售目标\")","b8624889-4bad-436f-825f-453b06657420"]
2021-01-18 02:50:54:046 [BaseDriver] Valid locator strategies for this request: xpath, id, class name, accessibility id, css selector, -android uiautomator
2021-01-18 02:50:54:046 [BaseDriver] Waiting up to 20000 ms for condition
2021-01-18 02:50:54:047 [WD Proxy] Matched '/element' to command name 'findElement'
2021-01-18 02:50:54:047 [WD Proxy] Proxying [POST /element] to [POST http://127.0.0.1:8201/wd/hub/session/6c58e509-9305-4bde-b7aa-b31cbc5fbf4e/element] with body: {"strategy":"-android uiautomator","selector":"new UiSelector().text(\"销售目标\")","context":"","multiple":false}
2021-01-18 02:50:54:514 [WD Proxy] Got response with status 404: {"sessionId":"6c58e509-9305-4bde-b7aa-b31cbc5fbf4e","value":{"error":"no such element","message":"An element could not be located on the page using the given search parameters","stacktrace":"io.appium.uiautomator2.common.exceptions.ElementNotFoundException: An element could not be located on the page using the given search parameters\n\tat io.appium.uiautomator2.handler.FindElement.safeHandle(FindElement.java:70)\n\tat io.appium.uiautomator2.handler.request.SafeRequestHandler.handle(SafeRequestHandler.java:41)\n\tat io.appium.uiautomator2.server.AppiumServlet.handleRequest(AppiumServlet.java:261)\n\tat io.appium.uiautomator2.server.AppiumServlet.handleHttpRequest(AppiumServlet.java:255)\n\tat io.appium.uiautomator2.http.ServerHandler.channelRead(ServerHandler.java:68)\n\tat io.netty.channel.AbstractChannelHandlerContext.invokeChannelRead(AbstractChannelHandlerContext.java:366)\n\tat io.netty.channel.AbstractChannelHandlerContext.invokeChannelRead(AbstractChannelHandlerContext.java:352)\n\tat io.netty.chann...
2021-01-18 02:50:54:515 [W3C] Matched W3C error code 'no such element' to NoSuchElementError
2021-01-18 02:50:54:515 [BaseDriver] Waited for 469 ms so far
2021-01-18 02:50:55:016 [WD Proxy] Matched '/element' to command name 'findElement'
2021-01-18 02:50:55:016 [WD Proxy] Proxying [POST /element] to [POST http://127.0.0.1:8201/wd/hub/session/6c58e509-9305-4bde-b7aa-b31cbc5fbf4e/element] with body: {"strategy":"-android uiautomator","selector":"new UiSelector().text(\"销售目标\")","context":"","multiple":false}
2021-01-18 02:50:55:170 [WD Proxy] Got response with status 404: {"sessionId":"6c58e509-9305-4bde-b7aa-b31cbc5fbf4e","value":{"error":"no such element","message":"An element could not be located on the page using the given search parameters","stacktrace":"io.appium.uiautomator2.common.exceptions.ElementNotFoundException: An element could not be located on the page using the given search parameters\n\tat io.appium.uiautomator2.handler.FindElement.safeHandle(FindElement.java:70)\n\tat io.appium.uiautomator2.handler.request.SafeRequestHandler.handle(SafeRequestHandler.java:41)\n\tat io.appium.uiautomator2.server.AppiumServlet.handleRequest(AppiumServlet.java:261)\n\tat io.appium.uiautomator2.server.AppiumServlet.handleHttpRequest(AppiumServlet.java:255)\n\tat io.appium.uiautomator2.http.ServerHandler.channelRead(ServerHandler.java:68)\n\tat io.netty.channel.AbstractChannelHandlerContext.invokeChannelRead(AbstractChannelHandlerContext.java:366)\n\tat io.netty.channel.AbstractChannelHandlerContext.invokeChannelRead(AbstractChannelHandlerContext.java:352)\n\tat io.netty.chann...
2021-01-18 02:50:55:171 [W3C] Matched W3C error code 'no such element' to NoSuchElementError
2021-01-18 02:50:55:171 [BaseDriver] Waited for 1125 ms so far
2021-01-18 02:50:55:672 [WD Proxy] Matched '/element' to command name 'findElement'
2021-01-18 02:50:55:672 [WD Proxy] Proxying [POST /element] to [POST http://127.0.0.1:8201/wd/hub/session/6c58e509-9305-4bde-b7aa-b31cbc5fbf4e/element] with body: {"strategy":"-android uiautomator","selector":"new UiSelector().text(\"销售目标\")","context":"","multiple":false}
2021-01-18 02:50:56:884 [WD Proxy] Got response with status 404: {"sessionId":"6c58e509-9305-4bde-b7aa-b31cbc5fbf4e","value":{"error":"no such element","message":"An element could not be located on the page using the given search parameters","stacktrace":"io.appium.uiautomator2.common.exceptions.ElementNotFoundException: An element could not be located on the page using the given search parameters\n\tat io.appium.uiautomator2.handler.FindElement.safeHandle(FindElement.java:70)\n\tat io.appium.uiautomator2.handler.request.SafeRequestHandler.handle(SafeRequestHandler.java:41)\n\tat io.appium.uiautomator2.server.AppiumServlet.handleRequest(AppiumServlet.java:261)\n\tat io.appium.uiautomator2.server.AppiumServlet.handleHttpRequest(AppiumServlet.java:255)\n\tat io.appium.uiautomator2.http.ServerHandler.channelRead(ServerHandler.java:68)\n\tat io.netty.channel.AbstractChannelHandlerContext.invokeChannelRead(AbstractChannelHandlerContext.java:366)\n\tat io.netty.channel.AbstractChannelHandlerContext.invokeChannelRead(AbstractChannelHandlerContext.java:352)\n\tat io.netty.chann...
2021-01-18 02:50:56:885 [W3C] Matched W3C error code 'no such element' to NoSuchElementError
2021-01-18 02:50:56:886 [BaseDriver] Waited for 2840 ms so far
2021-01-18 02:50:57:390 [WD Proxy] Matched '/element' to command name 'findElement'
2021-01-18 02:50:57:391 [WD Proxy] Proxying [POST /element] to [POST http://127.0.0.1:8201/wd/hub/session/6c58e509-9305-4bde-b7aa-b31cbc5fbf4e/element] with body: {"strategy":"-android uiautomator","selector":"new UiSelector().text(\"销售目标\")","context":"","multiple":false}
2021-01-18 02:50:58:065 [WD Proxy] Got response with status 404: {"sessionId":"6c58e509-9305-4bde-b7aa-b31cbc5fbf4e","value":{"error":"no such element","message":"An element could not be located on the page using the given search parameters","stacktrace":"io.appium.uiautomator2.common.exceptions.ElementNotFoundException: An element could not be located on the page using the given search parameters\n\tat io.appium.uiautomator2.handler.FindElement.safeHandle(FindElement.java:70)\n\tat io.appium.uiautomator2.handler.request.SafeRequestHandler.handle(SafeRequestHandler.java:41)\n\tat io.appium.uiautomator2.server.AppiumServlet.handleRequest(AppiumServlet.java:261)\n\tat io.appium.uiautomator2.server.AppiumServlet.handleHttpRequest(AppiumServlet.java:255)\n\tat io.appium.uiautomator2.http.ServerHandler.channelRead(ServerHandler.java:68)\n\tat io.netty.channel.AbstractChannelHandlerContext.invokeChannelRead(AbstractChannelHandlerContext.java:366)\n\tat io.netty.channel.AbstractChannelHandlerContext.invokeChannelRead(AbstractChannelHandlerContext.java:352)\n\tat io.netty.chann...
2021-01-18 02:50:58:065 [W3C] Matched W3C error code 'no such element' to NoSuchElementError
2021-01-18 02:50:58:066 [BaseDriver] Waited for 4019 ms so far
2021-01-18 02:50:58:568 [WD Proxy] Matched '/element' to command name 'findElement'
2021-01-18 02:50:58:569 [WD Proxy] Proxying [POST /element] to [POST http://127.0.0.1:8201/wd/hub/session/6c58e509-9305-4bde-b7aa-b31cbc5fbf4e/element] with body: {"strategy":"-android uiautomator","selector":"new UiSelector().text(\"销售目标\")","context":"","multiple":false}
2021-01-18 02:50:59:517 [WD Proxy] Got response with status 404: {"sessionId":"6c58e509-9305-4bde-b7aa-b31cbc5fbf4e","value":{"error":"no such element","message":"An element could not be located on the page using the given search parameters","stacktrace":"io.appium.uiautomator2.common.exceptions.ElementNotFoundException: An element could not be located on the page using the given search parameters\n\tat io.appium.uiautomator2.handler.FindElement.safeHandle(FindElement.java:70)\n\tat io.appium.uiautomator2.handler.request.SafeRequestHandler.handle(SafeRequestHandler.java:41)\n\tat io.appium.uiautomator2.server.AppiumServlet.handleRequest(AppiumServlet.java:261)\n\tat io.appium.uiautomator2.server.AppiumServlet.handleHttpRequest(AppiumServlet.java:255)\n\tat io.appium.uiautomator2.http.ServerHandler.channelRead(ServerHandler.java:68)\n\tat io.netty.channel.AbstractChannelHandlerContext.invokeChannelRead(AbstractChannelHandlerContext.java:366)\n\tat io.netty.channel.AbstractChannelHandlerContext.invokeChannelRead(AbstractChannelHandlerContext.java:352)\n\tat io.netty.chann...
2021-01-18 02:50:59:517 [W3C] Matched W3C error code 'no such element' to NoSuchElementError
2021-01-18 02:50:59:518 [BaseDriver] Waited for 5471 ms so far
2021-01-18 02:51:00:020 [WD Proxy] Matched '/element' to command name 'findElement'
2021-01-18 02:51:00:021 [WD Proxy] Proxying [POST /element] to [POST http://127.0.0.1:8201/wd/hub/session/6c58e509-9305-4bde-b7aa-b31cbc5fbf4e/element] with body: {"strategy":"-android uiautomator","selector":"new UiSelector().text(\"销售目标\")","context":"","multiple":false}
2021-01-18 02:51:02:220 [WD Proxy] Got response with status 200: {"sessionId":"6c58e509-9305-4bde-b7aa-b31cbc5fbf4e","value":{"ELEMENT":"6e2e681b-d846-4b11-b6c5-f54b7d0ef6d8","element-6066-11e4-a52e-4f735466cecf":"6e2e681b-d846-4b11-b6c5-f54b7d0ef6d8"}}
2021-01-18 02:51:02:220 [W3C (b8624889)] Responding to client with driver.findElement() result: {"element-6066-11e4-a52e-4f735466cecf":"6e2e681b-d846-4b11-b6c5-f54b7d0ef6d8","ELEMENT":"6e2e681b-d846-4b11-b6c5-f54b7d0ef6d8"}
2021-01-18 02:51:02:221 [HTTP] <-- POST /wd/hub/session/b8624889-4bad-436f-825f-453b06657420/element 200 8179 ms - 137
2021-01-18 02:51:02:221 [HTTP] 
2021-01-18 02:51:02:239 [HTTP] --> GET /wd/hub/session/b8624889-4bad-436f-825f-453b06657420/element/6e2e681b-d846-4b11-b6c5-f54b7d0ef6d8/text
2021-01-18 02:51:02:240 [HTTP] {}
2021-01-18 02:51:02:243 [W3C (b8624889)] Driver proxy active, passing request on via HTTP proxy
2021-01-18 02:51:02:244 [WD Proxy] Matched '/wd/hub/session/b8624889-4bad-436f-825f-453b06657420/element/6e2e681b-d846-4b11-b6c5-f54b7d0ef6d8/text' to command name 'getText'
2021-01-18 02:51:02:244 [WD Proxy] Proxying [GET /wd/hub/session/b8624889-4bad-436f-825f-453b06657420/element/6e2e681b-d846-4b11-b6c5-f54b7d0ef6d8/text] to [GET http://127.0.0.1:8201/wd/hub/session/6c58e509-9305-4bde-b7aa-b31cbc5fbf4e/element/6e2e681b-d846-4b11-b6c5-f54b7d0ef6d8/text] with no body
2021-01-18 02:51:02:863 [WD Proxy] Got response with status 200: {"sessionId":"6c58e509-9305-4bde-b7aa-b31cbc5fbf4e","value":"销售目标"}
2021-01-18 02:51:02:864 [WD Proxy] Replacing sessionId 6c58e509-9305-4bde-b7aa-b31cbc5fbf4e with b8624889-4bad-436f-825f-453b06657420
2021-01-18 02:51:02:865 [HTTP] <-- GET /wd/hub/session/b8624889-4bad-436f-825f-453b06657420/element/6e2e681b-d846-4b11-b6c5-f54b7d0ef6d8/text 200 625 ms - 75
2021-01-18 02:51:02:865 [HTTP] 
2021-01-18 02:52:02:871 [BaseDriver] Shutting down because we waited 60 seconds for a command
2021-01-18 02:52:02:874 [Appium] Closing session, cause was 'New Command Timeout of 60 seconds expired. Try customizing the timeout using the 'newCommandTimeout' desired capability'
2021-01-18 02:52:02:874 [Appium] Removing session 'b8624889-4bad-436f-825f-453b06657420' from our master session list
2021-01-18 02:52:02:876 [UiAutomator2] Deleting UiAutomator2 session
2021-01-18 02:52:02:878 [UiAutomator2] Deleting UiAutomator2 server session
2021-01-18 02:52:02:878 [WD Proxy] Matched '/' to command name 'deleteSession'
2021-01-18 02:52:02:879 [WD Proxy] Proxying [DELETE /] to [DELETE http://127.0.0.1:8201/wd/hub/session/6c58e509-9305-4bde-b7aa-b31cbc5fbf4e] with no body
2021-01-18 02:52:02:893 uncaughtException: write EPIPE
Error: write EPIPE
    at WriteWrap.afterWrite (net.js:779:14)
2021-01-18 02:52:02:903 [WD Proxy] Error [ERR_STREAM_DESTROYED]: Cannot call write after a stream was destroyed
2021-01-18 02:52:02:904 [WD Proxy]     at doWrite (_stream_writable.js:406:19)
2021-01-18 02:52:02:904 [WD Proxy]     at writeOrBuffer (_stream_writable.js:394:5)
2021-01-18 02:52:02:904 [WD Proxy]     at Socket.Writable.write (_stream_writable.js:294:11)
2021-01-18 02:52:02:904 [WD Proxy]     at Console.log (/usr/local/lib/node_modules/appium/node_modules/_winston@3.3.3@winston/lib/winston/transports/console.js:79:23)
2021-01-18 02:52:02:904 [WD Proxy]     at Console._write (/usr/local/lib/node_modules/appium/node_modules/_winston-transport@4.4.0@winston-transport/index.js:103:17)
2021-01-18 02:52:02:904 [WD Proxy]     at doWrite (/usr/local/lib/node_modules/appium/node_modules/_readable-stream@2.3.7@readable-stream/lib/_stream_writable.js:428:64)
2021-01-18 02:52:02:905 [WD Proxy]     at writeOrBuffer (/usr/local/lib/node_modules/appium/node_modules/_readable-stream@2.3.7@readable-stream/lib/_stream_writable.js:417:5)
2021-01-18 02:52:02:905 [WD Proxy]     at Console.Writable.write (/usr/local/lib/node_modules/appium/node_modules/_readable-stream@2.3.7@readable-stream/lib/_stream_writable.js:334:11)
2021-01-18 02:52:02:905 [WD Proxy]     at DerivedLogger.ondata (/usr/local/lib/node_modules/appium/node_modules/_readable-stream@3.6.0@readable-stream/lib/_stream_readable.js:681:20)
2021-01-18 02:52:02:905 [WD Proxy]     at DerivedLogger.emit (events.js:194:15)
2021-01-18 02:52:02:905 [WD Proxy]     at addChunk (/usr/local/lib/node_modules/appium/node_modules/_readable-stream@3.6.0@readable-stream/lib/_stream_readable.js:298:12)
2021-01-18 02:52:02:905 [WD Proxy]     at readableAddChunk (/usr/local/lib/node_modules/appium/node_modules/_readable-stream@3.6.0@readable-stream/lib/_stream_readable.js:280:11)
2021-01-18 02:52:02:905 [WD Proxy]     at DerivedLogger.Readable.push (/usr/local/lib/node_modules/appium/node_modules/_readable-stream@3.6.0@readable-stream/lib/_stream_readable.js:241:10)
2021-01-18 02:52:02:906 [WD Proxy]     at DerivedLogger.Transform.push (/usr/local/lib/node_modules/appium/node_modules/_readable-stream@3.6.0@readable-stream/lib/_stream_transform.js:139:32)
